<?xml version="1.0" encoding="UTF-8"?>
<!-- Generated by org.testng.reporters.JUnitXMLReporter -->
<testsuite hostname="DESKTOP-T0U14U2" ignored="0" name="QualityMindsWebsiteTest" tests="3" failures="0" timestamp="20 Jan 2018 11:19:33 GMT" time="100.865" errors="0">
  <testcase name="verifyEnglishLanguageTest" time="5.069" classname="framework.Tests.TestScenarios1"/>
  <testcase name="verifyContactInformationTest" time="6.643" classname="framework.Tests.TestScenarios2"/>
  <testcase name="verifyFileUploadTest" time="35.258" classname="framework.Tests.TestScenarios3"/>
</testsuite> <!-- QualityMindsWebsiteTest -->
