<?xml version="1.0" encoding="UTF-8"?>
<testng-results skipped="0" failed="0" total="1" passed="1">
  <reporter-output>
    <line>
      <![CDATA[Home Page is displayed]]>
    </line>
    <line>
      <![CDATA[Website Language is German]]>
    </line>
    <line>
      <![CDATA[English button is clicked]]>
    </line>
    <line>
      <![CDATA[Website Language is English]]>
    </line>
  </reporter-output>
  <suite name="Default suite" duration-ms="17333" started-at="2018-03-07T09:52:54Z" finished-at="2018-03-07T09:53:11Z">
    <groups>
    </groups>
    <test name="Default test" duration-ms="17333" started-at="2018-03-07T09:52:54Z" finished-at="2018-03-07T09:53:11Z">
      <class name="framework.Tests.TestScenarios1">
        <test-method status="PASS" signature="beforeMethod()[pri:0, instance:framework.Tests.TestScenarios1@210366b4]" name="beforeMethod" is-config="true" duration-ms="13708" started-at="2018-03-07T15:22:54Z" finished-at="2018-03-07T15:23:08Z">
          <reporter-output>
          </reporter-output>
        </test-method> <!-- beforeMethod -->
        <test-method status="PASS" signature="verifyEnglishLanguageTest()[pri:0, instance:framework.Tests.TestScenarios1@210366b4]" name="verifyEnglishLanguageTest" duration-ms="2962" started-at="2018-03-07T15:23:08Z" finished-at="2018-03-07T15:23:11Z">
          <reporter-output>
            <line>
              <![CDATA[Home Page is displayed]]>
            </line>
            <line>
              <![CDATA[Website Language is German]]>
            </line>
            <line>
              <![CDATA[English button is clicked]]>
            </line>
            <line>
              <![CDATA[Website Language is English]]>
            </line>
          </reporter-output>
        </test-method> <!-- verifyEnglishLanguageTest -->
        <test-method status="PASS" signature="afterMethod()[pri:0, instance:framework.Tests.TestScenarios1@210366b4]" name="afterMethod" is-config="true" duration-ms="648" started-at="2018-03-07T15:23:11Z" finished-at="2018-03-07T15:23:11Z">
          <reporter-output>
          </reporter-output>
        </test-method> <!-- afterMethod -->
      </class> <!-- framework.Tests.TestScenarios1 -->
    </test> <!-- Default test -->
  </suite> <!-- Default suite -->
</testng-results>
